<?xml version="1.0" encoding="UTF-8"?>
<testng-results ignored="0" total="1" passed="1" failed="0" skipped="0">
  <reporter-output>
  </reporter-output>
  <suite started-at="2023-10-23T11:46:59 EET" name="Default suite" finished-at="2023-10-23T11:47:04 EET" duration-ms="4508">
    <groups>
    </groups>
    <test started-at="2023-10-23T11:46:59 EET" name="Default test" finished-at="2023-10-23T11:47:04 EET" duration-ms="4508">
      <class name="Create_an_Account">
        <test-method is-config="true" signature="mySetup()[pri:0, instance:Create_an_Account@75e01201]" started-at="2023-10-23T11:46:59 EET" name="mySetup" finished-at="2023-10-23T11:47:03 EET" duration-ms="3974" status="PASS">
          <reporter-output>
          </reporter-output>
        </test-method> <!-- mySetup -->
        <test-method signature="myTest()[pri:0, instance:Create_an_Account@75e01201]" started-at="2023-10-23T11:47:03 EET" name="myTest" finished-at="2023-10-23T11:47:04 EET" duration-ms="483" status="PASS">
          <reporter-output>
          </reporter-output>
        </test-method> <!-- myTest -->
        <test-method is-config="true" signature="myAfterTest()[pri:0, instance:Create_an_Account@75e01201]" started-at="2023-10-23T11:47:04 EET" name="myAfterTest" finished-at="2023-10-23T11:47:04 EET" duration-ms="0" status="PASS">
          <reporter-output>
          </reporter-output>
        </test-method> <!-- myAfterTest -->
      </class> <!-- Create_an_Account -->
    </test> <!-- Default test -->
  </suite> <!-- Default suite -->
</testng-results>
